<?xml version="1.0" encoding="UTF-8"?>
<testng-results ignored="0" total="1" passed="1" failed="0" skipped="0">
  <reporter-output>
  </reporter-output>
  <suite started-at="2023-07-13T10:56:19 IST" name="Default suite" finished-at="2023-07-13T10:58:04 IST" duration-ms="105253">
    <groups>
    </groups>
    <test started-at="2023-07-13T10:56:19 IST" name="Default test" finished-at="2023-07-13T10:58:04 IST" duration-ms="105253">
      <class name="com.AMRetailDonnnakaranAutomationScript.testCases.Checkout_Sections_Functionality">
        <test-method is-config="true" signature="setup()[pri:0, instance:com.AMRetailDonnnakaranAutomationScript.testCases.Checkout_Sections_Functionality@76954a33]" started-at="2023-07-13T10:56:19 IST" name="setup" finished-at="2023-07-13T10:56:26 IST" duration-ms="7089" status="PASS">
          <reporter-output>
          </reporter-output>
        </test-method> <!-- setup -->
        <test-method signature="checkoutfunctionalityverification()[pri:0, instance:com.AMRetailDonnnakaranAutomationScript.testCases.Checkout_Sections_Functionality@76954a33]" started-at="2023-07-13T10:56:26 IST" name="checkoutfunctionalityverification" finished-at="2023-07-13T10:58:04 IST" duration-ms="97629" status="PASS">
          <reporter-output>
          </reporter-output>
        </test-method> <!-- checkoutfunctionalityverification -->
        <test-method is-config="true" signature="tearDown()[pri:0, instance:com.AMRetailDonnnakaranAutomationScript.testCases.Checkout_Sections_Functionality@76954a33]" started-at="2023-07-13T10:58:04 IST" name="tearDown" finished-at="2023-07-13T10:58:04 IST" duration-ms="333" status="PASS">
          <reporter-output>
          </reporter-output>
        </test-method> <!-- tearDown -->
      </class> <!-- com.AMRetailDonnnakaranAutomationScript.testCases.Checkout_Sections_Functionality -->
    </test> <!-- Default test -->
  </suite> <!-- Default suite -->
</testng-results>
