<?xml version="1.0" encoding="UTF-8"?>
<testng-results ignored="0" total="1" passed="1" failed="0" skipped="0">
  <reporter-output>
  </reporter-output>
  <suite started-at="2023-07-11T20:19:45 IST" name="Default suite" finished-at="2023-07-11T20:21:09 IST" duration-ms="84472">
    <groups>
    </groups>
    <test started-at="2023-07-11T20:19:45 IST" name="Default test" finished-at="2023-07-11T20:21:09 IST" duration-ms="84472">
      <class name="com.AMRetailkarllagerfeldparis.testCases.PDPPage_Minicart_Shoppingcart_Display">
        <test-method is-config="true" signature="setup()[pri:0, instance:com.AMRetailkarllagerfeldparis.testCases.PDPPage_Minicart_Shoppingcart_Display@4bee18dc]" started-at="2023-07-11T20:19:45 IST" name="setup" finished-at="2023-07-11T20:19:54 IST" duration-ms="8674" status="PASS">
          <reporter-output>
          </reporter-output>
        </test-method> <!-- setup -->
        <test-method signature="pdpPage_Minicart_Shoppingcart_Display()[pri:0, instance:com.AMRetailkarllagerfeldparis.testCases.PDPPage_Minicart_Shoppingcart_Display@4bee18dc]" started-at="2023-07-11T20:19:54 IST" name="pdpPage_Minicart_Shoppingcart_Display" finished-at="2023-07-11T20:21:09 IST" duration-ms="75084" status="PASS">
          <reporter-output>
          </reporter-output>
        </test-method> <!-- pdpPage_Minicart_Shoppingcart_Display -->
        <test-method is-config="true" signature="tearDown()[pri:0, instance:com.AMRetailkarllagerfeldparis.testCases.PDPPage_Minicart_Shoppingcart_Display@4bee18dc]" started-at="2023-07-11T20:21:09 IST" name="tearDown" finished-at="2023-07-11T20:21:09 IST" duration-ms="436" status="PASS">
          <reporter-output>
          </reporter-output>
        </test-method> <!-- tearDown -->
      </class> <!-- com.AMRetailkarllagerfeldparis.testCases.PDPPage_Minicart_Shoppingcart_Display -->
    </test> <!-- Default test -->
  </suite> <!-- Default suite -->
</testng-results>
