<?xml version="1.0" encoding="UTF-8"?>
<testng-results ignored="0" total="1" passed="1" failed="0" skipped="0">
  <reporter-output>
  </reporter-output>
  <suite started-at="2023-07-14T13:33:29 IST" name="Default suite" finished-at="2023-07-14T13:38:14 IST" duration-ms="284959">
    <groups>
    </groups>
    <test started-at="2023-07-14T13:33:29 IST" name="Default test" finished-at="2023-07-14T13:38:14 IST" duration-ms="284959">
      <class name="com.AMRetailAutomationScript.testCases.Createaccount_Login_Logout_Functionality">
        <test-method is-config="true" signature="setup()[pri:0, instance:com.AMRetailAutomationScript.testCases.Createaccount_Login_Logout_Functionality@4bee18dc]" started-at="2023-07-14T13:33:29 IST" name="setup" finished-at="2023-07-14T13:33:38 IST" duration-ms="9092" status="PASS">
          <reporter-output>
          </reporter-output>
        </test-method> <!-- setup -->
        <test-method signature="createaccount_Login_Logout_Functionality()[pri:0, instance:com.AMRetailAutomationScript.testCases.Createaccount_Login_Logout_Functionality@4bee18dc]" started-at="2023-07-14T13:33:38 IST" name="createaccount_Login_Logout_Functionality" finished-at="2023-07-14T13:38:14 IST" duration-ms="275476" status="PASS">
          <reporter-output>
          </reporter-output>
        </test-method> <!-- createaccount_Login_Logout_Functionality -->
        <test-method is-config="true" signature="tearDown()[pri:0, instance:com.AMRetailAutomationScript.testCases.Createaccount_Login_Logout_Functionality@4bee18dc]" started-at="2023-07-14T13:38:14 IST" name="tearDown" finished-at="2023-07-14T13:38:14 IST" duration-ms="234" status="PASS">
          <reporter-output>
          </reporter-output>
        </test-method> <!-- tearDown -->
      </class> <!-- com.AMRetailAutomationScript.testCases.Createaccount_Login_Logout_Functionality -->
    </test> <!-- Default test -->
  </suite> <!-- Default suite -->
</testng-results>
