<?xml version="1.0" encoding="UTF-8"?>
<testng-results ignored="0" total="1" passed="1" failed="0" skipped="0">
  <reporter-output>
  </reporter-output>
  <suite started-at="2023-07-11T21:37:42 IST" name="Default suite" finished-at="2023-07-11T21:39:02 IST" duration-ms="79267">
    <groups>
    </groups>
    <test started-at="2023-07-11T21:37:42 IST" name="Default test" finished-at="2023-07-11T21:39:02 IST" duration-ms="79267">
      <class name="com.AMRetailAutomationScript.testCases.Checkout_Sections_Functionality">
        <test-method is-config="true" signature="setup()[pri:0, instance:com.AMRetailAutomationScript.testCases.Checkout_Sections_Functionality@417d6615]" started-at="2023-07-11T21:37:42 IST" name="setup" finished-at="2023-07-11T21:37:52 IST" duration-ms="9840" status="PASS">
          <reporter-output>
          </reporter-output>
        </test-method> <!-- setup -->
        <test-method signature="checkoutfunctionalityverification()[pri:0, instance:com.AMRetailAutomationScript.testCases.Checkout_Sections_Functionality@417d6615]" started-at="2023-07-11T21:37:52 IST" name="checkoutfunctionalityverification" finished-at="2023-07-11T21:39:01 IST" duration-ms="68480" status="PASS">
          <reporter-output>
          </reporter-output>
        </test-method> <!-- checkoutfunctionalityverification -->
        <test-method is-config="true" signature="tearDown()[pri:0, instance:com.AMRetailAutomationScript.testCases.Checkout_Sections_Functionality@417d6615]" started-at="2023-07-11T21:39:01 IST" name="tearDown" finished-at="2023-07-11T21:39:02 IST" duration-ms="622" status="PASS">
          <reporter-output>
          </reporter-output>
        </test-method> <!-- tearDown -->
      </class> <!-- com.AMRetailAutomationScript.testCases.Checkout_Sections_Functionality -->
    </test> <!-- Default test -->
  </suite> <!-- Default suite -->
</testng-results>
